2019-03-26 11:31:09.157  INFO [           main] c.y.e.server.EurekaServerApplication     : No active profile set, falling back to default profiles: default
2019-03-26 11:31:09.817  WARN [           main] o.s.boot.actuate.endpoint.EndpointId     : Endpoint ID 'service-registry' contains invalid characters, please migrate to a valid format.
2019-03-26 11:31:09.838  WARN [           main] o.s.boot.actuate.endpoint.EndpointId     : Endpoint ID 'hystrix.stream' contains invalid characters, please migrate to a valid format.
2019-03-26 11:31:10.033  INFO [           main] o.s.cloud.context.scope.GenericScope     : BeanFactory id=9783fc32-6928-36e2-835a-1de1589f42cd
2019-03-26 11:31:10.244  INFO [           main] trationDelegate$BeanPostProcessorChecker : Bean 'org.springframework.cloud.autoconfigure.ConfigurationPropertiesRebinderAutoConfiguration' of type [org.springframework.cloud.autoconfigure.ConfigurationPropertiesRebinderAutoConfiguration$$EnhancerBySpringCGLIB$$f9315b9d] is not eligible for getting processed by all BeanPostProcessors (for example: not eligible for auto-proxying)
2019-03-26 11:31:10.623  INFO [           main] o.s.b.w.embedded.tomcat.TomcatWebServer  : Tomcat initialized with port(s): 8870 (http)
2019-03-26 11:31:10.644  INFO [           main] o.apache.catalina.core.StandardService   : Starting service [Tomcat]
2019-03-26 11:31:10.644  INFO [           main] org.apache.catalina.core.StandardEngine  : Starting Servlet engine: [Apache Tomcat/9.0.16]
2019-03-26 11:31:10.652  INFO [           main] o.a.catalina.core.AprLifecycleListener   : The APR based Apache Tomcat Native library which allows optimal performance in production environments was not found on the java.library.path: [D:\JDK8\jdk8\bin;C:\WINDOWS\Sun\Java\bin;C:\WINDOWS\system32;C:\WINDOWS;C:\WINDOWS\system32;C:\WINDOWS;C:\WINDOWS\System32\Wbem;C:\WINDOWS\System32\WindowsPowerShell\v1.0\;D:\JDK8\jdk8\bin;D:\JDK8\jdk8\jre\bin;C:\Program Files (x86)\MySQL\MySQL Fabric 1.5 & MySQL Utilities 1.5\;C:\Program Files (x86)\MySQL\MySQL Fabric 1.5 & MySQL Utilities 1.5\Doctrine extensions for PHP\;C:\WINDOWS\System32\OpenSSH\;F:\Svn\bin;E:\Git\bin;C:\Program Files\Microsoft SQL Server\Client SDK\ODBC\130\Tools\Binn\;C:\Program Files (x86)\Microsoft SQL Server\140\Tools\Binn\;C:\Program Files\Microsoft SQL Server\140\Tools\Binn\;C:\Program Files\Microsoft SQL Server\140\DTS\Binn\;D:\Maven\maven\bin;D:\postgresql\bin;C:\Users\Administrator\AppData\Local\Programs\Python\Python37\Scripts\;C:\Users\Administrator\AppData\Local\Programs\Python\Python37\;C:\Users\Administrator\AppData\Local\Microsoft\WindowsApps;E:\PyCharm 2018.3.4\bin;;.]
2019-03-26 11:31:10.777  INFO [           main] o.a.c.c.C.[Tomcat].[localhost].[/]       : Initializing Spring embedded WebApplicationContext
2019-03-26 11:31:10.777  INFO [           main] o.s.web.context.ContextLoader            : Root WebApplicationContext: initialization completed in 1597 ms
2019-03-26 11:31:10.892  WARN [           main] c.n.c.sources.URLConfigurationSource     : No URLs will be polled as dynamic configuration sources.
2019-03-26 11:31:10.892  INFO [           main] c.n.c.sources.URLConfigurationSource     : To enable URLs as dynamic configuration sources, define System property archaius.configurationSource.additionalUrls or make config.properties available on classpath.
2019-03-26 11:31:10.904  INFO [           main] c.netflix.config.DynamicPropertyFactory  : DynamicPropertyFactory is initialized with configuration sources: com.netflix.config.ConcurrentCompositeConfiguration@67acfde9
2019-03-26 11:31:12.389  INFO [           main] o.s.cloud.commons.util.InetUtils         : Cannot determine local hostname
2019-03-26 11:31:12.639  INFO [           main] o.s.b.a.e.web.ServletEndpointRegistrar   : Registered '/actuator/hystrix.stream' to hystrix.stream-actuator-endpoint
2019-03-26 11:31:12.707  INFO [           main] c.s.j.s.i.a.WebApplicationImpl           : Initiating Jersey application, version 'Jersey: 1.19.1 03/11/2016 02:08 PM'
2019-03-26 11:31:12.778  INFO [           main] c.n.d.provider.DiscoveryJerseyProvider   : Using JSON encoding codec LegacyJacksonJson
2019-03-26 11:31:12.779  INFO [           main] c.n.d.provider.DiscoveryJerseyProvider   : Using JSON decoding codec LegacyJacksonJson
2019-03-26 11:31:12.900  INFO [           main] c.n.d.provider.DiscoveryJerseyProvider   : Using XML encoding codec XStreamXml
2019-03-26 11:31:12.900  INFO [           main] c.n.d.provider.DiscoveryJerseyProvider   : Using XML decoding codec XStreamXml
2019-03-26 11:31:13.272  WARN [           main] c.n.c.sources.URLConfigurationSource     : No URLs will be polled as dynamic configuration sources.
2019-03-26 11:31:13.273  INFO [           main] c.n.c.sources.URLConfigurationSource     : To enable URLs as dynamic configuration sources, define System property archaius.configurationSource.additionalUrls or make config.properties available on classpath.
2019-03-26 11:31:13.462  INFO [           main] o.s.s.concurrent.ThreadPoolTaskExecutor  : Initializing ExecutorService 'applicationTaskExecutor'
2019-03-26 11:31:14.977  INFO [           main] o.s.cloud.commons.util.InetUtils         : Cannot determine local hostname
2019-03-26 11:31:15.049  INFO [           main] o.s.c.n.eureka.InstanceInfoFactory       : Setting initial instance status as: STARTING
2019-03-26 11:31:15.081  INFO [           main] com.netflix.discovery.DiscoveryClient    : Initializing Eureka in region us-east-1
2019-03-26 11:31:15.081  INFO [           main] com.netflix.discovery.DiscoveryClient    : Client configured to neither register nor query for data.
2019-03-26 11:31:15.088  INFO [           main] com.netflix.discovery.DiscoveryClient    : Discovery Client initialized at timestamp 1553571075087 with initial instances count: 0
2019-03-26 11:31:15.128  INFO [           main] c.n.eureka.DefaultEurekaServerContext    : Initializing ...
2019-03-26 11:31:15.131  WARN [           main] c.n.eureka.cluster.PeerEurekaNodes       : The replica size seems to be empty. Check the route 53 DNS Registry
2019-03-26 11:31:15.149  INFO [           main] c.n.e.registry.AbstractInstanceRegistry  : Finished initializing remote region registries. All known remote regions: []
2019-03-26 11:31:15.150  INFO [           main] c.n.eureka.DefaultEurekaServerContext    : Initialized
2019-03-26 11:31:15.161  INFO [           main] o.s.b.a.e.web.EndpointLinksResolver      : Exposing 21 endpoint(s) beneath base path '/actuator'
2019-03-26 11:31:15.260  INFO [           main] o.s.c.n.e.s.EurekaServiceRegistry        : Registering application EUREKA-SERVER with eureka with status UP
2019-03-26 11:31:15.264  INFO [      Thread-31] o.s.c.n.e.server.EurekaServerBootstrap   : Setting the eureka configuration..
2019-03-26 11:31:15.264  INFO [      Thread-31] o.s.c.n.e.server.EurekaServerBootstrap   : Eureka data center value eureka.datacenter is not set, defaulting to default
2019-03-26 11:31:15.264  INFO [      Thread-31] o.s.c.n.e.server.EurekaServerBootstrap   : Eureka environment value eureka.environment is not set, defaulting to test
2019-03-26 11:31:15.282  INFO [      Thread-31] o.s.c.n.e.server.EurekaServerBootstrap   : isAws returned false
2019-03-26 11:31:15.282  INFO [      Thread-31] o.s.c.n.e.server.EurekaServerBootstrap   : Initialized server context
2019-03-26 11:31:15.283  INFO [      Thread-31] c.n.e.r.PeerAwareInstanceRegistryImpl    : Got 1 instances from neighboring DS node
2019-03-26 11:31:15.283  INFO [      Thread-31] c.n.e.r.PeerAwareInstanceRegistryImpl    : Renew threshold is: 1
2019-03-26 11:31:15.283  INFO [      Thread-31] c.n.e.r.PeerAwareInstanceRegistryImpl    : Changing status to UP
2019-03-26 11:31:15.297  INFO [      Thread-31] e.s.EurekaServerInitializerConfiguration : Started Eureka Server
2019-03-26 11:31:15.313  INFO [           main] o.s.b.w.embedded.tomcat.TomcatWebServer  : Tomcat started on port(s): 8870 (http) with context path ''
2019-03-26 11:31:15.314  INFO [           main] .s.c.n.e.s.EurekaAutoServiceRegistration : Updating port to 8870
2019-03-26 11:31:15.315  INFO [           main] c.y.e.server.EurekaServerApplication     : Started EurekaServerApplication in 9.329 seconds (JVM running for 10.226)
2019-03-26 11:31:15.865  INFO [1)-172.16.171.1] o.a.c.c.C.[Tomcat].[localhost].[/]       : Initializing Spring DispatcherServlet 'dispatcherServlet'
2019-03-26 11:31:15.865  INFO [1)-172.16.171.1] o.s.web.servlet.DispatcherServlet        : Initializing Servlet 'dispatcherServlet'
2019-03-26 11:31:15.875  INFO [1)-172.16.171.1] o.s.web.servlet.DispatcherServlet        : Completed initialization in 10 ms
2019-03-26 11:32:15.285  INFO [a-EvictionTimer] c.n.e.registry.AbstractInstanceRegistry  : Running the evict task with compensationTime 0ms
2019-03-26 11:33:15.286  INFO [a-EvictionTimer] c.n.e.registry.AbstractInstanceRegistry  : Running the evict task with compensationTime 0ms
2019-03-26 11:33:47.011  INFO [      Thread-33] o.s.c.n.e.s.EurekaServiceRegistry        : Unregistering application EUREKA-SERVER with eureka with status DOWN
2019-03-26 11:33:47.014  INFO [      Thread-33] c.n.eureka.DefaultEurekaServerContext    : Shutting down ...
2019-03-26 11:33:47.018  INFO [      Thread-33] c.n.eureka.DefaultEurekaServerContext    : Shut down
2019-03-26 11:33:47.025  INFO [      Thread-33] o.s.s.concurrent.ThreadPoolTaskExecutor  : Shutting down ExecutorService 'applicationTaskExecutor'
2019-03-26 11:33:47.036  INFO [      Thread-33] com.netflix.discovery.DiscoveryClient    : Shutting down DiscoveryClient ...
2019-03-26 11:33:47.036  INFO [      Thread-33] com.netflix.discovery.DiscoveryClient    : Completed shut down of DiscoveryClient
